This file contains any messages produced by compilers while
running configure, to aid debugging if configure makes a mistake.

It was created by DevOpsLab3 configure 1.0, which was
generated by GNU Autoconf 2.71.  Invocation command line was

  $ ./configure

## --------- ##
## Platform. ##
## --------- ##

hostname = andrey-pc
uname -m = x86_64
uname -r = 6.8.0-49-generic
uname -s = Linux
uname -v = #49~22.04.1-Ubuntu SMP PREEMPT_DYNAMIC Wed Nov  6 17:42:15 UTC 2

/usr/bin/uname -p = x86_64
/bin/uname -X     = unknown

/bin/arch              = x86_64
/usr/bin/arch -k       = unknown
/usr/convex/getsysinfo = unknown
/usr/bin/hostinfo      = unknown
/bin/machine           = unknown
/usr/bin/oslevel       = unknown
/bin/universe          = unknown

PATH: /usr/local/sbin/
PATH: /usr/local/bin/
PATH: /usr/sbin/
PATH: /usr/bin/
PATH: /sbin/
PATH: /bin/
PATH: /usr/games/
PATH: /usr/local/games/
PATH: /snap/bin/
PATH: /snap/bin/


## ----------- ##
## Core tests. ##
## ----------- ##

configure:2437: looking for aux files: compile missing install-sh
configure:2450:  trying ./
configure:2479:   ./compile found
configure:2479:   ./missing found
configure:2461:   ./install-sh found
configure:2608: checking for a BSD-compatible install
configure:2681: result: /usr/bin/install -c
configure:2692: checking whether build environment is sane
configure:2747: result: yes
configure:2906: checking for a race-free mkdir -p
configure:2950: result: /usr/bin/mkdir -p
configure:2957: checking for gawk
configure:2992: result: no
configure:2957: checking for mawk
configure:2978: found /usr/bin/mawk
configure:2989: result: mawk
configure:3000: checking whether make sets $(MAKE)
configure:3023: result: yes
configure:3053: checking whether make supports nested variables
configure:3071: result: yes
configure:3269: checking for gcc
configure:3290: found /usr/bin/gcc
configure:3301: result: gcc
configure:3654: checking for C compiler version
configure:3663: gcc --version >&5
gcc (Ubuntu 11.4.0-1ubuntu1~22.04) 11.4.0
Copyright (C) 2021 Free Software Foundation, Inc.
This is free software; see the source for copying conditions.  There is NO
warranty; not even for MERCHANTABILITY or FITNESS FOR A PARTICULAR PURPOSE.

configure:3674: $? = 0
configure:3663: gcc -v >&5
Using built-in specs.
COLLECT_GCC=gcc
COLLECT_LTO_WRAPPER=/usr/lib/gcc/x86_64-linux-gnu/11/lto-wrapper
OFFLOAD_TARGET_NAMES=nvptx-none:amdgcn-amdhsa
OFFLOAD_TARGET_DEFAULT=1
Target: x86_64-linux-gnu
Configured with: ../src/configure -v --with-pkgversion='Ubuntu 11.4.0-1ubuntu1~22.04' --with-bugurl=file:///usr/share/doc/gcc-11/README.Bugs --enable-languages=c,ada,c++,go,brig,d,fortran,objc,obj-c++,m2 --prefix=/usr --with-gcc-major-version-only --program-suffix=-11 --program-prefix=x86_64-linux-gnu- --enable-shared --enable-linker-build-id --libexecdir=/usr/lib --without-included-gettext --enable-threads=posix --libdir=/usr/lib --enable-nls --enable-bootstrap --enable-clocale=gnu --enable-libstdcxx-debug --enable-libstdcxx-time=yes --with-default-libstdcxx-abi=new --enable-gnu-unique-object --disable-vtable-verify --enable-plugin --enable-default-pie --with-system-zlib --enable-libphobos-checking=release --with-target-system-zlib=auto --enable-objc-gc=auto --enable-multiarch --disable-werror --enable-cet --with-arch-32=i686 --with-abi=m64 --with-multilib-list=m32,m64,mx32 --enable-multilib --with-tune=generic --enable-offload-targets=nvptx-none=/build/gcc-11-XeT9lY/gcc-11-11.4.0/debian/tmp-nvptx/usr,amdgcn-amdhsa=/build/gcc-11-XeT9lY/gcc-11-11.4.0/debian/tmp-gcn/usr --without-cuda-driver --enable-checking=release --build=x86_64-linux-gnu --host=x86_64-linux-gnu --target=x86_64-linux-gnu --with-build-config=bootstrap-lto-lean --enable-link-serialization=2
Thread model: posix
Supported LTO compression algorithms: zlib zstd
gcc version 11.4.0 (Ubuntu 11.4.0-1ubuntu1~22.04) 
... rest of stderr output deleted ...
configure:3674: $? = 0
configure:3663: gcc -V >&5
gcc: error: unrecognized command-line option '-V'
gcc: fatal error: no input files
compilation terminated.
configure:3674: $? = 1
configure:3663: gcc -qversion >&5
gcc: error: unrecognized command-line option '-qversion'; did you mean '--version'?
gcc: fatal error: no input files
compilation terminated.
configure:3674: $? = 1
configure:3663: gcc -version >&5
gcc: error: unrecognized command-line option '-version'
gcc: fatal error: no input files
compilation terminated.
configure:3674: $? = 1
configure:3694: checking whether the C compiler works
configure:3716: gcc    conftest.c  >&5
configure:3720: $? = 0
configure:3770: result: yes
configure:3773: checking for C compiler default output file name
configure:3775: result: a.out
configure:3781: checking for suffix of executables
configure:3788: gcc -o conftest    conftest.c  >&5
configure:3792: $? = 0
configure:3815: result: 
configure:3837: checking whether we are cross compiling
configure:3845: gcc -o conftest    conftest.c  >&5
configure:3849: $? = 0
configure:3856: ./conftest
configure:3860: $? = 0
configure:3875: result: no
configure:3880: checking for suffix of object files
configure:3903: gcc -c   conftest.c >&5
configure:3907: $? = 0
configure:3929: result: o
configure:3933: checking whether the compiler supports GNU C
configure:3953: gcc -c   conftest.c >&5
configure:3953: $? = 0
configure:3963: result: yes
configure:3974: checking whether gcc accepts -g
configure:3995: gcc -c -g  conftest.c >&5
configure:3995: $? = 0
configure:4039: result: yes
configure:4059: checking for gcc option to enable C11 features
configure:4074: gcc  -c -g -O2  conftest.c >&5
configure:4074: $? = 0
configure:4092: result: none needed
configure:4208: checking whether gcc understands -c and -o together
configure:4231: gcc -c conftest.c -o conftest2.o
configure:4234: $? = 0
configure:4231: gcc -c conftest.c -o conftest2.o
configure:4234: $? = 0
configure:4246: result: yes
configure:4266: checking whether make supports the include directive
configure:4281: make -f confmf.GNU && cat confinc.out
this is the am__doit target
configure:4284: $? = 0
configure:4303: result: yes (GNU style)
configure:4329: checking dependency style of gcc
configure:4441: result: gcc3
configure:4525: checking for g++
configure:4546: found /usr/bin/g++
configure:4557: result: g++
configure:4584: checking for C++ compiler version
configure:4593: g++ --version >&5
g++ (Ubuntu 11.4.0-1ubuntu1~22.04) 11.4.0
Copyright (C) 2021 Free Software Foundation, Inc.
This is free software; see the source for copying conditions.  There is NO
warranty; not even for MERCHANTABILITY or FITNESS FOR A PARTICULAR PURPOSE.

configure:4604: $? = 0
configure:4593: g++ -v >&5
Using built-in specs.
COLLECT_GCC=g++
COLLECT_LTO_WRAPPER=/usr/lib/gcc/x86_64-linux-gnu/11/lto-wrapper
OFFLOAD_TARGET_NAMES=nvptx-none:amdgcn-amdhsa
OFFLOAD_TARGET_DEFAULT=1
Target: x86_64-linux-gnu
Configured with: ../src/configure -v --with-pkgversion='Ubuntu 11.4.0-1ubuntu1~22.04' --with-bugurl=file:///usr/share/doc/gcc-11/README.Bugs --enable-languages=c,ada,c++,go,brig,d,fortran,objc,obj-c++,m2 --prefix=/usr --with-gcc-major-version-only --program-suffix=-11 --program-prefix=x86_64-linux-gnu- --enable-shared --enable-linker-build-id --libexecdir=/usr/lib --without-included-gettext --enable-threads=posix --libdir=/usr/lib --enable-nls --enable-bootstrap --enable-clocale=gnu --enable-libstdcxx-debug --enable-libstdcxx-time=yes --with-default-libstdcxx-abi=new --enable-gnu-unique-object --disable-vtable-verify --enable-plugin --enable-default-pie --with-system-zlib --enable-libphobos-checking=release --with-target-system-zlib=auto --enable-objc-gc=auto --enable-multiarch --disable-werror --enable-cet --with-arch-32=i686 --with-abi=m64 --with-multilib-list=m32,m64,mx32 --enable-multilib --with-tune=generic --enable-offload-targets=nvptx-none=/build/gcc-11-XeT9lY/gcc-11-11.4.0/debian/tmp-nvptx/usr,amdgcn-amdhsa=/build/gcc-11-XeT9lY/gcc-11-11.4.0/debian/tmp-gcn/usr --without-cuda-driver --enable-checking=release --build=x86_64-linux-gnu --host=x86_64-linux-gnu --target=x86_64-linux-gnu --with-build-config=bootstrap-lto-lean --enable-link-serialization=2
Thread model: posix
Supported LTO compression algorithms: zlib zstd
gcc version 11.4.0 (Ubuntu 11.4.0-1ubuntu1~22.04) 
... rest of stderr output deleted ...
configure:4604: $? = 0
configure:4593: g++ -V >&5
g++: error: unrecognized command-line option '-V'
g++: fatal error: no input files
compilation terminated.
configure:4604: $? = 1
configure:4593: g++ -qversion >&5
g++: error: unrecognized command-line option '-qversion'; did you mean '--version'?
g++: fatal error: no input files
compilation terminated.
configure:4604: $? = 1
configure:4608: checking whether the compiler supports GNU C++
configure:4628: g++ -c   conftest.cpp >&5
configure:4628: $? = 0
configure:4638: result: yes
configure:4649: checking whether g++ accepts -g
configure:4670: g++ -c -g  conftest.cpp >&5
configure:4670: $? = 0
configure:4714: result: yes
configure:4734: checking for g++ option to enable C++11 features
configure:4749: g++  -c -g -O2  conftest.cpp >&5
conftest.cpp: In function 'int main(int, char**)':
conftest.cpp:177:25: warning: empty parentheses were disambiguated as a function declaration [-Wvexing-parse]
  177 |   cxx11test::delegate d2();
      |                         ^~
conftest.cpp:177:25: note: remove parentheses to default-initialize a variable
  177 |   cxx11test::delegate d2();
      |                         ^~
      |                         --
conftest.cpp:177:25: note: or replace parentheses with braces to value-initialize a variable
configure:4749: $? = 0
configure:4767: result: none needed
configure:4833: checking dependency style of g++
configure:4945: result: gcc3
configure:4966: checking for stdio.h
configure:4966: gcc -c -g -O2  conftest.c >&5
configure:4966: $? = 0
configure:4966: result: yes
configure:4966: checking for stdlib.h
configure:4966: gcc -c -g -O2  conftest.c >&5
configure:4966: $? = 0
configure:4966: result: yes
configure:4966: checking for string.h
configure:4966: gcc -c -g -O2  conftest.c >&5
configure:4966: $? = 0
configure:4966: result: yes
configure:4966: checking for inttypes.h
configure:4966: gcc -c -g -O2  conftest.c >&5
configure:4966: $? = 0
configure:4966: result: yes
configure:4966: checking for stdint.h
configure:4966: gcc -c -g -O2  conftest.c >&5
configure:4966: $? = 0
configure:4966: result: yes
configure:4966: checking for strings.h
configure:4966: gcc -c -g -O2  conftest.c >&5
configure:4966: $? = 0
configure:4966: result: yes
configure:4966: checking for sys/stat.h
configure:4966: gcc -c -g -O2  conftest.c >&5
configure:4966: $? = 0
configure:4966: result: yes
configure:4966: checking for sys/types.h
configure:4966: gcc -c -g -O2  conftest.c >&5
configure:4966: $? = 0
configure:4966: result: yes
configure:4966: checking for unistd.h
configure:4966: gcc -c -g -O2  conftest.c >&5
configure:4966: $? = 0
configure:4966: result: yes
configure:4991: checking for iostream
configure:4991: gcc -c -g -O2  conftest.c >&5
conftest.c:49:10: fatal error: iostream: No such file or directory
   49 | #include <iostream>
      |          ^~~~~~~~~~
compilation terminated.
configure:4991: $? = 1
configure: failed program was:
| /* confdefs.h */
| #define PACKAGE_NAME "DevOpsLab3"
| #define PACKAGE_TARNAME "devopslab3"
| #define PACKAGE_VERSION "1.0"
| #define PACKAGE_STRING "DevOpsLab3 1.0"
| #define PACKAGE_BUGREPORT "barmalyy@gmail.com"
| #define PACKAGE_URL ""
| #define PACKAGE "devopslab3"
| #define VERSION "1.0"
| #define HAVE_STDIO_H 1
| #define HAVE_STDLIB_H 1
| #define HAVE_STRING_H 1
| #define HAVE_INTTYPES_H 1
| #define HAVE_STDINT_H 1
| #define HAVE_STRINGS_H 1
| #define HAVE_SYS_STAT_H 1
| #define HAVE_SYS_TYPES_H 1
| #define HAVE_UNISTD_H 1
| #define STDC_HEADERS 1
| /* end confdefs.h.  */
| #include <stddef.h>
| #ifdef HAVE_STDIO_H
| # include <stdio.h>
| #endif
| #ifdef HAVE_STDLIB_H
| # include <stdlib.h>
| #endif
| #ifdef HAVE_STRING_H
| # include <string.h>
| #endif
| #ifdef HAVE_INTTYPES_H
| # include <inttypes.h>
| #endif
| #ifdef HAVE_STDINT_H
| # include <stdint.h>
| #endif
| #ifdef HAVE_STRINGS_H
| # include <strings.h>
| #endif
| #ifdef HAVE_SYS_TYPES_H
| # include <sys/types.h>
| #endif
| #ifdef HAVE_SYS_STAT_H
| # include <sys/stat.h>
| #endif
| #ifdef HAVE_UNISTD_H
| # include <unistd.h>
| #endif
| #include <iostream>
configure:4991: result: no
configure:4997: checking for cmath
configure:4997: gcc -c -g -O2  conftest.c >&5
conftest.c:49:10: fatal error: cmath: No such file or directory
   49 | #include <cmath>
      |          ^~~~~~~
compilation terminated.
configure:4997: $? = 1
configure: failed program was:
| /* confdefs.h */
| #define PACKAGE_NAME "DevOpsLab3"
| #define PACKAGE_TARNAME "devopslab3"
| #define PACKAGE_VERSION "1.0"
| #define PACKAGE_STRING "DevOpsLab3 1.0"
| #define PACKAGE_BUGREPORT "barmalyy@gmail.com"
| #define PACKAGE_URL ""
| #define PACKAGE "devopslab3"
| #define VERSION "1.0"
| #define HAVE_STDIO_H 1
| #define HAVE_STDLIB_H 1
| #define HAVE_STRING_H 1
| #define HAVE_INTTYPES_H 1
| #define HAVE_STDINT_H 1
| #define HAVE_STRINGS_H 1
| #define HAVE_SYS_STAT_H 1
| #define HAVE_SYS_TYPES_H 1
| #define HAVE_UNISTD_H 1
| #define STDC_HEADERS 1
| /* end confdefs.h.  */
| #include <stddef.h>
| #ifdef HAVE_STDIO_H
| # include <stdio.h>
| #endif
| #ifdef HAVE_STDLIB_H
| # include <stdlib.h>
| #endif
| #ifdef HAVE_STRING_H
| # include <string.h>
| #endif
| #ifdef HAVE_INTTYPES_H
| # include <inttypes.h>
| #endif
| #ifdef HAVE_STDINT_H
| # include <stdint.h>
| #endif
| #ifdef HAVE_STRINGS_H
| # include <strings.h>
| #endif
| #ifdef HAVE_SYS_TYPES_H
| # include <sys/types.h>
| #endif
| #ifdef HAVE_SYS_STAT_H
| # include <sys/stat.h>
| #endif
| #ifdef HAVE_UNISTD_H
| # include <unistd.h>
| #endif
| #include <cmath>
configure:4997: result: no
configure:5143: checking that generated files are newer than configure
configure:5149: result: done
configure:5176: creating ./config.status

## ---------------------- ##
## Running config.status. ##
## ---------------------- ##

This file was extended by DevOpsLab3 config.status 1.0, which was
generated by GNU Autoconf 2.71.  Invocation command line was

  CONFIG_FILES    = 
  CONFIG_HEADERS  = 
  CONFIG_LINKS    = 
  CONFIG_COMMANDS = 
  $ ./config.status 

on andrey-pc

config.status:776: creating Makefile
config.status:948: executing depfiles commands
config.status:1025: cd .       && sed -e '/# am--include-marker/d' Makefile         | make -f - am--depfiles
make: Nothing to be done for 'am--depfiles'.
config.status:1030: $? = 0

## ---------------- ##
## Cache variables. ##
## ---------------- ##

ac_cv_c_compiler_gnu=yes
ac_cv_cxx_compiler_gnu=yes
ac_cv_env_CCC_set=
ac_cv_env_CCC_value=
ac_cv_env_CC_set=
ac_cv_env_CC_value=
ac_cv_env_CFLAGS_set=
ac_cv_env_CFLAGS_value=
ac_cv_env_CPPFLAGS_set=
ac_cv_env_CPPFLAGS_value=
ac_cv_env_CXXFLAGS_set=
ac_cv_env_CXXFLAGS_value=
ac_cv_env_CXX_set=
ac_cv_env_CXX_value=
ac_cv_env_LDFLAGS_set=
ac_cv_env_LDFLAGS_value=
ac_cv_env_LIBS_set=
ac_cv_env_LIBS_value=
ac_cv_env_build_alias_set=
ac_cv_env_build_alias_value=
ac_cv_env_host_alias_set=
ac_cv_env_host_alias_value=
ac_cv_env_target_alias_set=
ac_cv_env_target_alias_value=
ac_cv_header_cmath=no
ac_cv_header_inttypes_h=yes
ac_cv_header_iostream=no
ac_cv_header_stdint_h=yes
ac_cv_header_stdio_h=yes
ac_cv_header_stdlib_h=yes
ac_cv_header_string_h=yes
ac_cv_header_strings_h=yes
ac_cv_header_sys_stat_h=yes
ac_cv_header_sys_types_h=yes
ac_cv_header_unistd_h=yes
ac_cv_objext=o
ac_cv_path_install='/usr/bin/install -c'
ac_cv_path_mkdir=/usr/bin/mkdir
ac_cv_prog_AWK=mawk
ac_cv_prog_ac_ct_CC=gcc
ac_cv_prog_ac_ct_CXX=g++
ac_cv_prog_cc_c11=
ac_cv_prog_cc_g=yes
ac_cv_prog_cc_stdc=
ac_cv_prog_cxx_11=no
ac_cv_prog_cxx_cxx11=
ac_cv_prog_cxx_g=yes
ac_cv_prog_cxx_stdcxx=
ac_cv_prog_make_make_set=yes
am_cv_CC_dependencies_compiler_type=gcc3
am_cv_CXX_dependencies_compiler_type=gcc3
am_cv_make_support_nested_variables=yes
am_cv_prog_cc_c_o=yes

## ----------------- ##
## Output variables. ##
## ----------------- ##

ACLOCAL='${SHELL} '\''/home/andrey/DevOpsLab3/missing'\'' aclocal-1.16'
AMDEPBACKSLASH='\'
AMDEP_FALSE='#'
AMDEP_TRUE=''
AMTAR='$${TAR-tar}'
AM_BACKSLASH='\'
AM_DEFAULT_V='$(AM_DEFAULT_VERBOSITY)'
AM_DEFAULT_VERBOSITY='1'
AM_V='$(V)'
AUTOCONF='${SHELL} '\''/home/andrey/DevOpsLab3/missing'\'' autoconf'
AUTOHEADER='${SHELL} '\''/home/andrey/DevOpsLab3/missing'\'' autoheader'
AUTOMAKE='${SHELL} '\''/home/andrey/DevOpsLab3/missing'\'' automake-1.16'
AWK='mawk'
CC='gcc'
CCDEPMODE='depmode=gcc3'
CFLAGS='-g -O2'
CPPFLAGS=''
CSCOPE='cscope'
CTAGS='ctags'
CXX='g++'
CXXDEPMODE='depmode=gcc3'
CXXFLAGS='-g -O2'
CYGPATH_W='echo'
DEFS='-DPACKAGE_NAME=\"DevOpsLab3\" -DPACKAGE_TARNAME=\"devopslab3\" -DPACKAGE_VERSION=\"1.0\" -DPACKAGE_STRING=\"DevOpsLab3\ 1.0\" -DPACKAGE_BUGREPORT=\"barmalyy@gmail.com\" -DPACKAGE_URL=\"\" -DPACKAGE=\"devopslab3\" -DVERSION=\"1.0\" -DHAVE_STDIO_H=1 -DHAVE_STDLIB_H=1 -DHAVE_STRING_H=1 -DHAVE_INTTYPES_H=1 -DHAVE_STDINT_H=1 -DHAVE_STRINGS_H=1 -DHAVE_SYS_STAT_H=1 -DHAVE_SYS_TYPES_H=1 -DHAVE_UNISTD_H=1 -DSTDC_HEADERS=1'
DEPDIR='.deps'
ECHO_C=''
ECHO_N='-n'
ECHO_T=''
ETAGS='etags'
EXEEXT=''
INSTALL_DATA='${INSTALL} -m 644'
INSTALL_PROGRAM='${INSTALL}'
INSTALL_SCRIPT='${INSTALL}'
INSTALL_STRIP_PROGRAM='$(install_sh) -c -s'
LDFLAGS=''
LIBOBJS=''
LIBS=''
LTLIBOBJS=''
MAKEINFO='${SHELL} '\''/home/andrey/DevOpsLab3/missing'\'' makeinfo'
MKDIR_P='/usr/bin/mkdir -p'
OBJEXT='o'
PACKAGE='devopslab3'
PACKAGE_BUGREPORT='barmalyy@gmail.com'
PACKAGE_NAME='DevOpsLab3'
PACKAGE_STRING='DevOpsLab3 1.0'
PACKAGE_TARNAME='devopslab3'
PACKAGE_URL=''
PACKAGE_VERSION='1.0'
PATH_SEPARATOR=':'
SET_MAKE=''
SHELL='/bin/bash'
STRIP=''
VERSION='1.0'
ac_ct_CC='gcc'
ac_ct_CXX='g++'
am__EXEEXT_FALSE=''
am__EXEEXT_TRUE='#'
am__fastdepCC_FALSE='#'
am__fastdepCC_TRUE=''
am__fastdepCXX_FALSE='#'
am__fastdepCXX_TRUE=''
am__include='include'
am__isrc=''
am__leading_dot='.'
am__nodep='_no'
am__quote=''
am__tar='$${TAR-tar} chof - "$$tardir"'
am__untar='$${TAR-tar} xf -'
bindir='${exec_prefix}/bin'
build_alias=''
datadir='${datarootdir}'
datarootdir='${prefix}/share'
docdir='${datarootdir}/doc/${PACKAGE_TARNAME}'
dvidir='${docdir}'
exec_prefix='${prefix}'
host_alias=''
htmldir='${docdir}'
includedir='${prefix}/include'
infodir='${datarootdir}/info'
install_sh='${SHELL} /home/andrey/DevOpsLab3/install-sh'
libdir='${exec_prefix}/lib'
libexecdir='${exec_prefix}/libexec'
localedir='${datarootdir}/locale'
localstatedir='${prefix}/var'
mandir='${datarootdir}/man'
mkdir_p='$(MKDIR_P)'
oldincludedir='/usr/include'
pdfdir='${docdir}'
prefix='/usr/local'
program_transform_name='s,x,x,'
psdir='${docdir}'
runstatedir='${localstatedir}/run'
sbindir='${exec_prefix}/sbin'
sharedstatedir='${prefix}/com'
sysconfdir='${prefix}/etc'
target_alias=''

## ----------- ##
## confdefs.h. ##
## ----------- ##

/* confdefs.h */
#define PACKAGE_NAME "DevOpsLab3"
#define PACKAGE_TARNAME "devopslab3"
#define PACKAGE_VERSION "1.0"
#define PACKAGE_STRING "DevOpsLab3 1.0"
#define PACKAGE_BUGREPORT "barmalyy@gmail.com"
#define PACKAGE_URL ""
#define PACKAGE "devopslab3"
#define VERSION "1.0"
#define HAVE_STDIO_H 1
#define HAVE_STDLIB_H 1
#define HAVE_STRING_H 1
#define HAVE_INTTYPES_H 1
#define HAVE_STDINT_H 1
#define HAVE_STRINGS_H 1
#define HAVE_SYS_STAT_H 1
#define HAVE_SYS_TYPES_H 1
#define HAVE_UNISTD_H 1
#define STDC_HEADERS 1

configure: exit 0
