неділя, 22 грудня 2024 14:04:26 +0200 Starting srv1 on CPU0
неділя, 22 грудня 2024 14:04:34 +0200 CPU Usage: srv1=0%, srv2=0%, srv3=0%
неділя, 22 грудня 2024 14:05:07 +0200 CPU Usage: srv1=0%, srv2=0%, srv3=0%
неділя, 22 грудня 2024 14:05:41 +0200 CPU Usage: srv1=0%, srv2=0%, srv3=0%
неділя, 22 грудня 2024 14:06:15 +0200 CPU Usage: srv1=0%, srv2=0%, srv3=0%
неділя, 22 грудня 2024 14:06:49 +0200 CPU Usage: srv1=0%, srv2=0%, srv3=0%
неділя, 22 грудня 2024 14:07:22 +0200 CPU Usage: srv1=0%, srv2=0%, srv3=0%
неділя, 22 грудня 2024 14:07:56 +0200 CPU Usage: srv1=0%, srv2=0%, srv3=0%
неділя, 22 грудня 2024 14:08:29 +0200 CPU Usage: srv1=0%, srv2=0%, srv3=0%
неділя, 22 грудня 2024 14:09:03 +0200 CPU Usage: srv1=0%, srv2=0%, srv3=0%
неділя, 22 грудня 2024 14:11:01 +0200 Starting srv1 on CPU0
неділя, 22 грудня 2024 14:11:07 +0200 CPU Usage: srv1=0%, srv2=0%, srv3=0%
неділя, 22 грудня 2024 14:11:41 +0200 CPU Usage: srv1=0%, srv2=0%, srv3=0%
неділя, 22 грудня 2024 14:12:16 +0200 CPU Usage: srv1=0%, srv2=0%, srv3=0%
неділя, 22 грудня 2024 14:12:49 +0200 CPU Usage: srv1=0%, srv2=0%, srv3=0%
неділя, 22 грудня 2024 14:13:23 +0200 CPU Usage: srv1=0%, srv2=0%, srv3=0%
неділя, 22 грудня 2024 14:13:40 +0200 Starting srv1 on CPU0
неділя, 22 грудня 2024 14:13:44 +0200 CPU Usage: srv1=0%, srv2=0%, srv3=0%
неділя, 22 грудня 2024 14:14:17 +0200 CPU Usage: srv1=0%, srv2=0%, srv3=0%
неділя, 22 грудня 2024 14:15:00 +0200 Starting srv1 on CPU0
неділя, 22 грудня 2024 14:15:03 +0200 CPU Usage: srv1=0%, srv2=0%, srv3=0%
неділя, 22 грудня 2024 14:17:12 +0200 Starting srv1 on CPU0
неділя, 22 грудня 2024 14:17:18 +0200 CPU Usage: srv1=0%, srv2=0%, srv3=0%
неділя, 22 грудня 2024 14:17:52 +0200 CPU Usage: srv1=0%, srv2=0%, srv3=0%
неділя, 22 грудня 2024 14:19:32 +0200 Starting srv1 on CPU0
неділя, 22 грудня 2024 14:19:36 +0200 CPU Usage: srv1=0%, srv2=0%, srv3=0%
неділя, 22 грудня 2024 14:20:09 +0200 CPU Usage: srv1=0%, srv2=0%, srv3=0%
неділя, 22 грудня 2024 14:20:43 +0200 CPU Usage: srv1=0%, srv2=0%, srv3=0%
неділя, 22 грудня 2024 14:22:20 +0200 Starting srv1 on CPU0
неділя, 22 грудня 2024 14:22:24 +0200 CPU Usage: srv1=0%, srv2=0%, srv3=0%
неділя, 22 грудня 2024 14:23:36 +0200 Starting srv1 on CPU0
неділя, 22 грудня 2024 14:23:46 +0200 CPU Usage: srv1=0.00%, srv2=0%, srv3=0%
неділя, 22 грудня 2024 14:24:24 +0200 CPU Usage: srv1=104.95%, srv2=0%, srv3=0%
неділя, 22 грудня 2024 14:25:01 +0200 CPU Usage: srv1=104.25%, srv2=0%, srv3=0%
неділя, 22 грудня 2024 14:25:39 +0200 CPU Usage: srv1=168.43%, srv2=0%, srv3=0%
неділя, 22 грудня 2024 14:25:57 +0200 Starting srv1 on CPU0
неділя, 22 грудня 2024 14:26:04 +0200 CPU Usage: srv1=0.00%, srv2=0%, srv3=0%
неділя, 22 грудня 2024 14:26:42 +0200 CPU Usage: srv1=0.00%, srv2=0%, srv3=0%
неділя, 22 грудня 2024 14:27:19 +0200 CPU Usage: srv1=0.00%, srv2=0%, srv3=0%
неділя, 22 грудня 2024 14:27:56 +0200 CPU Usage: srv1=0.00%, srv2=0%, srv3=0%
неділя, 22 грудня 2024 14:28:34 +0200 CPU Usage: srv1=105.72%, srv2=0%, srv3=0%
неділя, 22 грудня 2024 14:29:11 +0200 CPU Usage: srv1=105.05%, srv2=0%, srv3=0%
неділя, 22 грудня 2024 14:29:49 +0200 CPU Usage: srv1=105.58%, srv2=0%, srv3=0%
неділя, 22 грудня 2024 14:30:28 +0200 CPU Usage: srv1=104.64%, srv2=0%, srv3=0%
неділя, 22 грудня 2024 14:30:28 +0200 Starting srv2 on CPU1
неділя, 22 грудня 2024 14:31:07 +0200 CPU Usage: srv1=104.25%, srv2=0.00%, srv3=0%
неділя, 22 грудня 2024 14:31:46 +0200 CPU Usage: srv1=105.50%, srv2=0.00%, srv3=0%
неділя, 22 грудня 2024 14:32:24 +0200 CPU Usage: srv1=109.12%, srv2=0.00%, srv3=0%
неділя, 22 грудня 2024 14:32:24 +0200 Stopping srv2
неділя, 22 грудня 2024 14:33:13 +0200 CPU Usage: srv1=105.82%, srv2=0%, srv3=0%
неділя, 22 грудня 2024 14:33:13 +0200 Starting srv2 on CPU1
неділя, 22 грудня 2024 14:33:58 +0200 CPU Usage: srv1=161.92%, srv2=0.00%, srv3=0%
неділя, 22 грудня 2024 14:34:36 +0200 CPU Usage: srv1=104.59%, srv2=0.00%, srv3=0%
неділя, 22 грудня 2024 14:35:16 +0200 CPU Usage: srv1=168.54%, srv2=0.00%, srv3=0%
неділя, 22 грудня 2024 14:35:16 +0200 Stopping srv2
неділя, 22 грудня 2024 14:36:05 +0200 CPU Usage: srv1=136.99%, srv2=0%, srv3=0%
неділя, 22 грудня 2024 14:36:06 +0200 Starting srv2 on CPU1
неділя, 22 грудня 2024 14:36:47 +0200 CPU Usage: srv1=108.82%, srv2=0.00%, srv3=0%
неділя, 22 грудня 2024 14:37:25 +0200 CPU Usage: srv1=109.99%, srv2=0.00%, srv3=0%
неділя, 22 грудня 2024 14:38:04 +0200 CPU Usage: srv1=135.45%, srv2=0.00%, srv3=0%
неділя, 22 грудня 2024 14:38:04 +0200 Stopping srv2
неділя, 22 грудня 2024 16:21:12 +0200 Starting srv1 on CPU0
неділя, 22 грудня 2024 16:21:42 +0200 Starting srv1 on CPU0
неділя, 22 грудня 2024 16:21:55 +0200 CPU Usage: srv1=0.00%, srv2=0%, srv3=0%
неділя, 22 грудня 2024 16:22:35 +0200 CPU Usage: srv1=124.72%, srv2=0%, srv3=0%
неділя, 22 грудня 2024 16:23:13 +0200 CPU Usage: srv1=126.92%, srv2=0%, srv3=0%
неділя, 22 грудня 2024 16:23:51 +0200 CPU Usage: srv1=178.29%, srv2=0%, srv3=0%
неділя, 22 грудня 2024 16:24:29 +0200 CPU Usage: srv1=125.81%, srv2=0%, srv3=0%
неділя, 22 грудня 2024 16:24:29 +0200 Starting srv2 on CPU1
неділя, 22 грудня 2024 16:25:12 +0200 CPU Usage: srv1=0.00%, srv2=0.00%, srv3=0%
неділя, 22 грудня 2024 16:25:52 +0200 CPU Usage: srv1=126.84%, srv2=0.00%, srv3=0%
неділя, 22 грудня 2024 16:26:31 +0200 CPU Usage: srv1=129.42%, srv2=0.00%, srv3=0%
неділя, 22 грудня 2024 16:26:31 +0200 Stopping srv2
неділя, 22 грудня 2024 16:32:55 +0200 Starting srv1 on CPU0
неділя, 22 грудня 2024 16:33:05 +0200 CPU Usage: srv1=0.00%, srv2=0%, srv3=0%
неділя, 22 грудня 2024 16:33:43 +0200 CPU Usage: srv1=0.00%, srv2=0%, srv3=0%
неділя, 22 грудня 2024 16:34:23 +0200 CPU Usage: srv1=0.00%, srv2=0%, srv3=0%
неділя, 22 грудня 2024 16:38:16 +0200 Starting srv1 on CPU0
неділя, 22 грудня 2024 16:38:25 +0200 CPU Usage: srv1=0.00%, srv2=0%, srv3=0%
неділя, 22 грудня 2024 16:39:03 +0200 CPU Usage: srv1=38.81%, srv2=0%, srv3=0%
неділя, 22 грудня 2024 16:39:41 +0200 CPU Usage: srv1=141.21%, srv2=0%, srv3=0%
неділя, 22 грудня 2024 16:40:22 +0200 CPU Usage: srv1=127.36%, srv2=0%, srv3=0%
неділя, 22 грудня 2024 16:41:00 +0200 CPU Usage: srv1=124.63%, srv2=0%, srv3=0%
неділя, 22 грудня 2024 16:46:35 +0200 Starting srv1 on CPU0
неділя, 22 грудня 2024 16:46:45 +0200 CPU Usage: srv1=0.00%, srv2=0%, srv3=0%
неділя, 22 грудня 2024 16:47:22 +0200 CPU Usage: srv1=153.94%, srv2=0%, srv3=0%
неділя, 22 грудня 2024 16:48:01 +0200 CPU Usage: srv1=131.57%, srv2=0%, srv3=0%
неділя, 22 грудня 2024 16:48:39 +0200 CPU Usage: srv1=99.15%, srv2=0%, srv3=0%
неділя, 22 грудня 2024 16:49:18 +0200 CPU Usage: srv1=91.43%, srv2=0%, srv3=0%
неділя, 22 грудня 2024 16:49:18 +0200 Starting srv2 on CPU1
неділя, 22 грудня 2024 16:50:01 +0200 CPU Usage: srv1=123.63%, srv2=0.00%, srv3=0%
